# JRE version: OpenJDK Runtime Environment Temurin-21.0.8+9 (21.0.8+9) (build 21.0.8+9-LTS)
# Java VM: OpenJDK 64-Bit Server VM Temurin-21.0.8+9 (21.0.8+9-LTS, mixed mode, sharing, tiered, compressed oops, compressed class ptrs, parallel gc, windows-amd64)
GC Precious Log:
 CardTable entry size: 512
 CPUs: 8 total, 8 available
 Memory: 7930M
 Large Page Support: Disabled
 NUMA Support: Disabled
 Compressed Oops: Enabled (32-bit)
 Alignments: Space 512K, Generation 512K, Heap 2M
 Heap Min Capacity: 100M
 Heap Initial Capacity: 100M
 Heap Max Capacity: 2G
 Pre-touch: Disabled
 Parallel Workers: 8
Heap:
 PSYoungGen      total 5632K, used 1773K [0x00000000d5580000, 0x00000000d5c00000, 0x0000000100000000)
  eden space 4608K, 25% used [0x00000000d5580000,0x00000000d56ab668,0x00000000d5a00000)
  from space 1024K, 56% used [0x00000000d5a00000,0x00000000d5a90020,0x00000000d5b00000)
  to   space 1024K, 0% used [0x00000000d5b00000,0x00000000d5b00000,0x00000000d5c00000)
 ParOldGen       total 1206272K, used 222824K [0x0000000080000000, 0x00000000c9a00000, 0x00000000d5580000)
  object space 1206272K, 18% used [0x0000000080000000,0x000000008d99a258,0x00000000c9a00000)
 Metaspace       used 88747K, committed 90944K, reserved 1179648K
  class space    used 9389K, committed 10304K, reserved 1048576K
GC Heap History (20 events):
Event: 3078.617 GC heap before
{Heap before GC invocations=1287 (full 5):
 PSYoungGen      total 5120K, used 5115K [0x00000000d5580000, 0x00000000d5c00000, 0x0000000100000000)
  eden space 4608K, 100% used [0x00000000d5580000,0x00000000d5a00000,0x00000000d5a00000)
  from space 512K, 99% used [0x00000000d5a80000,0x00000000d5afed80,0x00000000d5b00000)
  to   space 1024K, 0% used [0x00000000d5b00000,0x00000000d5b00000,0x00000000d5c00000)
 ParOldGen       total 1206272K, used 218313K [0x0000000080000000, 0x00000000c9a00000, 0x00000000d5580000)
  object space 1206272K, 18% used [0x0000000080000000,0x000000008d532598,0x00000000c9a00000)
 Metaspace       used 88720K, committed 90880K, reserved 1179648K
  class space    used 9389K, committed 10304K, reserved 1048576K
}
Event: 3078.619 GC heap after
{Heap after GC invocations=1287 (full 5):
 PSYoungGen      total 5632K, used 608K [0x00000000d5580000, 0x00000000d5c00000, 0x0000000100000000)
  eden space 4608K, 0% used [0x00000000d5580000,0x00000000d5580000,0x00000000d5a00000)
  from space 1024K, 59% used [0x00000000d5b00000,0x00000000d5b98000,0x00000000d5c00000)
  to   space 1024K, 0% used [0x00000000d5a00000,0x00000000d5a00000,0x00000000d5b00000)
 ParOldGen       total 1206272K, used 218867K [0x0000000080000000, 0x00000000c9a00000, 0x00000000d5580000)
  object space 1206272K, 18% used [0x0000000080000000,0x000000008d5bce68,0x00000000c9a00000)
 Metaspace       used 88720K, committed 90880K, reserved 1179648K
  class space    used 9389K, committed 10304K, reserved 1048576K
}
Event: 3078.624 GC heap before
{Heap before GC invocations=1288 (full 5):
 PSYoungGen      total 5632K, used 5216K [0x00000000d5580000, 0x00000000d5c00000, 0x0000000100000000)
  eden space 4608K, 100% used [0x00000000d5580000,0x00000000d5a00000,0x00000000d5a00000)
  from space 1024K, 59% used [0x00000000d5b00000,0x00000000d5b98000,0x00000000d5c00000)
  to   space 1024K, 0% used [0x00000000d5a00000,0x00000000d5a00000,0x00000000d5b00000)
 ParOldGen       total 1206272K, used 218867K [0x0000000080000000, 0x00000000c9a00000, 0x00000000d5580000)
  object space 1206272K, 18% used [0x0000000080000000,0x000000008d5bce68,0x00000000c9a00000)
 Metaspace       used 88720K, committed 90880K, reserved 1179648K
  class space    used 9389K, committed 10304K, reserved 1048576K
}
Event: 3078.625 GC heap after
{Heap after GC invocations=1288 (full 5):
 PSYoungGen      total 5632K, used 512K [0x00000000d5580000, 0x00000000d5c00000, 0x0000000100000000)
  eden space 4608K, 0% used [0x00000000d5580000,0x00000000d5580000,0x00000000d5a00000)
  from space 1024K, 50% used [0x00000000d5a00000,0x00000000d5a80000,0x00000000d5b00000)
  to   space 1024K, 0% used [0x00000000d5b00000,0x00000000d5b00000,0x00000000d5c00000)
 ParOldGen       total 1206272K, used 219351K [0x0000000080000000, 0x00000000c9a00000, 0x00000000d5580000)
  object space 1206272K, 18% used [0x0000000080000000,0x000000008d635e98,0x00000000c9a00000)
 Metaspace       used 88720K, committed 90880K, reserved 1179648K
  class space    used 9389K, committed 10304K, reserved 1048576K
}
Event: 3078.633 GC heap before
{Heap before GC invocations=1289 (full 5):
 PSYoungGen      total 5632K, used 5120K [0x00000000d5580000, 0x00000000d5c00000, 0x0000000100000000)
  eden space 4608K, 100% used [0x00000000d5580000,0x00000000d5a00000,0x00000000d5a00000)
  from space 1024K, 50% used [0x00000000d5a00000,0x00000000d5a80000,0x00000000d5b00000)
  to   space 1024K, 0% used [0x00000000d5b00000,0x00000000d5b00000,0x00000000d5c00000)
 ParOldGen       total 1206272K, used 219351K [0x0000000080000000, 0x00000000c9a00000, 0x00000000d5580000)
  object space 1206272K, 18% used [0x0000000080000000,0x000000008d635e98,0x00000000c9a00000)
 Metaspace       used 88720K, committed 90880K, reserved 1179648K
  class space    used 9389K, committed 10304K, reserved 1048576K
}
Event: 3078.634 GC heap after
{Heap after GC invocations=1289 (full 5):
 PSYoungGen      total 5632K, used 576K [0x00000000d5580000, 0x00000000d5c00000, 0x0000000100000000)
  eden space 4608K, 0% used [0x00000000d5580000,0x00000000d5580000,0x00000000d5a00000)
  from space 1024K, 56% used [0x00000000d5b00000,0x00000000d5b90000,0x00000000d5c00000)
  to   space 1024K, 0% used [0x00000000d5a00000,0x00000000d5a00000,0x00000000d5b00000)
 ParOldGen       total 1206272K, used 219719K [0x0000000080000000, 0x00000000c9a00000, 0x00000000d5580000)
  object space 1206272K, 18% used [0x0000000080000000,0x000000008d691eb8,0x00000000c9a00000)
 Metaspace       used 88720K, committed 90880K, reserved 1179648K
  class space    used 9389K, committed 10304K, reserved 1048576K
}
Event: 3078.640 GC heap before
{Heap before GC invocations=1290 (full 5):
 PSYoungGen      total 5632K, used 5184K [0x00000000d5580000, 0x00000000d5c00000, 0x0000000100000000)
  eden space 4608K, 100% used [0x00000000d5580000,0x00000000d5a00000,0x00000000d5a00000)
  from space 1024K, 56% used [0x00000000d5b00000,0x00000000d5b90000,0x00000000d5c00000)
  to   space 1024K, 0% used [0x00000000d5a00000,0x00000000d5a00000,0x00000000d5b00000)
 ParOldGen       total 1206272K, used 219719K [0x0000000080000000, 0x00000000c9a00000, 0x00000000d5580000)
  object space 1206272K, 18% used [0x0000000080000000,0x000000008d691eb8,0x00000000c9a00000)
 Metaspace       used 88720K, committed 90880K, reserved 1179648K
  class space    used 9389K, committed 10304K, reserved 1048576K
}
Event: 3078.641 GC heap after
{Heap after GC invocations=1290 (full 5):
 PSYoungGen      total 5632K, used 416K [0x00000000d5580000, 0x00000000d5b80000, 0x0000000100000000)
  eden space 4608K, 0% used [0x00000000d5580000,0x00000000d5580000,0x00000000d5a00000)
  from space 1024K, 40% used [0x00000000d5a00000,0x00000000d5a68000,0x00000000d5b00000)
  to   space 512K, 0% used [0x00000000d5b00000,0x00000000d5b00000,0x00000000d5b80000)
 ParOldGen       total 1206272K, used 220183K [0x0000000080000000, 0x00000000c9a00000, 0x00000000d5580000)
  object space 1206272K, 18% used [0x0000000080000000,0x000000008d705ed8,0x00000000c9a00000)
 Metaspace       used 88720K, committed 90880K, reserved 1179648K
  class space    used 9389K, committed 10304K, reserved 1048576K
}
Event: 3078.650 GC heap before
{Heap before GC invocations=1291 (full 5):
 PSYoungGen      total 5632K, used 5024K [0x00000000d5580000, 0x00000000d5b80000, 0x0000000100000000)
  eden space 4608K, 100% used [0x00000000d5580000,0x00000000d5a00000,0x00000000d5a00000)
  from space 1024K, 40% used [0x00000000d5a00000,0x00000000d5a68000,0x00000000d5b00000)
  to   space 512K, 0% used [0x00000000d5b00000,0x00000000d5b00000,0x00000000d5b80000)
 ParOldGen       total 1206272K, used 220183K [0x0000000080000000, 0x00000000c9a00000, 0x00000000d5580000)
  object space 1206272K, 18% used [0x0000000080000000,0x000000008d705ed8,0x00000000c9a00000)
 Metaspace       used 88720K, committed 90880K, reserved 1179648K
  class space    used 9389K, committed 10304K, reserved 1048576K
}
Event: 3078.651 GC heap after
{Heap after GC invocations=1291 (full 5):
 PSYoungGen      total 4608K, used 507K [0x00000000d5580000, 0x00000000d5d00000, 0x0000000100000000)
  eden space 4096K, 0% used [0x00000000d5580000,0x00000000d5580000,0x00000000d5980000)
  from space 512K, 99% used [0x00000000d5b00000,0x00000000d5b7ed60,0x00000000d5b80000)
  to   space 1536K, 0% used [0x00000000d5980000,0x00000000d5980000,0x00000000d5b00000)
 ParOldGen       total 1206272K, used 220695K [0x0000000080000000, 0x00000000c9a00000, 0x00000000d5580000)
  object space 1206272K, 18% used [0x0000000080000000,0x000000008d785f38,0x00000000c9a00000)
 Metaspace       used 88720K, committed 90880K, reserved 1179648K
  class space    used 9389K, committed 10304K, reserved 1048576K
}
Event: 3078.660 GC heap before
{Heap before GC invocations=1292 (full 5):
 PSYoungGen      total 4608K, used 4603K [0x00000000d5580000, 0x00000000d5d00000, 0x0000000100000000)
  eden space 4096K, 100% used [0x00000000d5580000,0x00000000d5980000,0x00000000d5980000)
  from space 512K, 99% used [0x00000000d5b00000,0x00000000d5b7ed60,0x00000000d5b80000)
  to   space 1536K, 0% used [0x00000000d5980000,0x00000000d5980000,0x00000000d5b00000)
 ParOldGen       total 1206272K, used 220695K [0x0000000080000000, 0x00000000c9a00000, 0x00000000d5580000)
  object space 1206272K, 18% used [0x0000000080000000,0x000000008d785f38,0x00000000c9a00000)
 Metaspace       used 88726K, committed 90944K, reserved 1179648K
  class space    used 9389K, committed 10304K, reserved 1048576K
}
Event: 3078.662 GC heap after
{Heap after GC invocations=1292 (full 5):
 PSYoungGen      total 5120K, used 608K [0x00000000d5580000, 0x00000000d5b80000, 0x0000000100000000)
  eden space 4096K, 0% used [0x00000000d5580000,0x00000000d5580000,0x00000000d5980000)
  from space 1024K, 59% used [0x00000000d5980000,0x00000000d5a18000,0x00000000d5a80000)
  to   space 1024K, 0% used [0x00000000d5a80000,0x00000000d5a80000,0x00000000d5b80000)
 ParOldGen       total 1206272K, used 221208K [0x0000000080000000, 0x00000000c9a00000, 0x00000000d5580000)
  object space 1206272K, 18% used [0x0000000080000000,0x000000008d806198,0x00000000c9a00000)
 Metaspace       used 88726K, committed 90944K, reserved 1179648K
  class space    used 9389K, committed 10304K, reserved 1048576K
}
Event: 3078.668 GC heap before
{Heap before GC invocations=1293 (full 5):
 PSYoungGen      total 5120K, used 4704K [0x00000000d5580000, 0x00000000d5b80000, 0x0000000100000000)
  eden space 4096K, 100% used [0x00000000d5580000,0x00000000d5980000,0x00000000d5980000)
  from space 1024K, 59% used [0x00000000d5980000,0x00000000d5a18000,0x00000000d5a80000)
  to   space 1024K, 0% used [0x00000000d5a80000,0x00000000d5a80000,0x00000000d5b80000)
 ParOldGen       total 1206272K, used 221208K [0x0000000080000000, 0x00000000c9a00000, 0x00000000d5580000)
  object space 1206272K, 18% used [0x0000000080000000,0x000000008d806198,0x00000000c9a00000)
 Metaspace       used 88726K, committed 90944K, reserved 1179648K
  class space    used 9389K, committed 10304K, reserved 1048576K
}
Event: 3078.671 GC heap after
{Heap after GC invocations=1293 (full 5):
 PSYoungGen      total 5632K, used 416K [0x00000000d5580000, 0x00000000d5b80000, 0x0000000100000000)
  eden space 4608K, 0% used [0x00000000d5580000,0x00000000d5580000,0x00000000d5a00000)
  from space 1024K, 40% used [0x00000000d5a80000,0x00000000d5ae8000,0x00000000d5b80000)
  to   space 512K, 0% used [0x00000000d5a00000,0x00000000d5a00000,0x00000000d5a80000)
 ParOldGen       total 1206272K, used 221672K [0x0000000080000000, 0x00000000c9a00000, 0x00000000d5580000)
  object space 1206272K, 18% used [0x0000000080000000,0x000000008d87a1d8,0x00000000c9a00000)
 Metaspace       used 88726K, committed 90944K, reserved 1179648K
  class space    used 9389K, committed 10304K, reserved 1048576K
}
Event: 3078.680 GC heap before
{Heap before GC invocations=1294 (full 5):
 PSYoungGen      total 5632K, used 5024K [0x00000000d5580000, 0x00000000d5b80000, 0x0000000100000000)
  eden space 4608K, 100% used [0x00000000d5580000,0x00000000d5a00000,0x00000000d5a00000)
  from space 1024K, 40% used [0x00000000d5a80000,0x00000000d5ae8000,0x00000000d5b80000)
  to   space 512K, 0% used [0x00000000d5a00000,0x00000000d5a00000,0x00000000d5a80000)
 ParOldGen       total 1206272K, used 221672K [0x0000000080000000, 0x00000000c9a00000, 0x00000000d5580000)
  object space 1206272K, 18% used [0x0000000080000000,0x000000008d87a1d8,0x00000000c9a00000)
 Metaspace       used 88726K, committed 90944K, reserved 1179648K
  class space    used 9389K, committed 10304K, reserved 1048576K
}
Event: 3078.682 GC heap after
{Heap after GC invocations=1294 (full 5):
 PSYoungGen      total 5120K, used 512K [0x00000000d5580000, 0x00000000d5c00000, 0x0000000100000000)
  eden space 4608K, 0% used [0x00000000d5580000,0x00000000d5580000,0x00000000d5a00000)
  from space 512K, 100% used [0x00000000d5a00000,0x00000000d5a80000,0x00000000d5a80000)
  to   space 1024K, 0% used [0x00000000d5b00000,0x00000000d5b00000,0x00000000d5c00000)
 ParOldGen       total 1206272K, used 222016K [0x0000000080000000, 0x00000000c9a00000, 0x00000000d5580000)
  object space 1206272K, 18% used [0x0000000080000000,0x000000008d8d01f8,0x00000000c9a00000)
 Metaspace       used 88726K, committed 90944K, reserved 1179648K
  class space    used 9389K, committed 10304K, reserved 1048576K
}
Event: 3078.688 GC heap before
{Heap before GC invocations=1295 (full 5):
 PSYoungGen      total 5120K, used 5120K [0x00000000d5580000, 0x00000000d5c00000, 0x0000000100000000)
  eden space 4608K, 100% used [0x00000000d5580000,0x00000000d5a00000,0x00000000d5a00000)
  from space 512K, 100% used [0x00000000d5a00000,0x00000000d5a80000,0x00000000d5a80000)
  to   space 1024K, 0% used [0x00000000d5b00000,0x00000000d5b00000,0x00000000d5c00000)
 ParOldGen       total 1206272K, used 222016K [0x0000000080000000, 0x00000000c9a00000, 0x00000000d5580000)
  object space 1206272K, 18% used [0x0000000080000000,0x000000008d8d01f8,0x00000000c9a00000)
 Metaspace       used 88726K, committed 90944K, reserved 1179648K
  class space    used 9389K, committed 10304K, reserved 1048576K
}
Event: 3078.690 GC heap after
{Heap after GC invocations=1295 (full 5):
 PSYoungGen      total 5632K, used 416K [0x00000000d5580000, 0x00000000d5d00000, 0x0000000100000000)
  eden space 4608K, 0% used [0x00000000d5580000,0x00000000d5580000,0x00000000d5a00000)
  from space 1024K, 40% used [0x00000000d5b00000,0x00000000d5b68000,0x00000000d5c00000)
  to   space 1024K, 0% used [0x00000000d5a00000,0x00000000d5a00000,0x00000000d5b00000)
 ParOldGen       total 1206272K, used 222520K [0x0000000080000000, 0x00000000c9a00000, 0x00000000d5580000)
  object space 1206272K, 18% used [0x0000000080000000,0x000000008d94e1f8,0x00000000c9a00000)
 Metaspace       used 88726K, committed 90944K, reserved 1179648K
  class space    used 9389K, committed 10304K, reserved 1048576K
}
Event: 3090.525 GC heap before
{Heap before GC invocations=1296 (full 5):
 PSYoungGen      total 5632K, used 5024K [0x00000000d5580000, 0x00000000d5d00000, 0x0000000100000000)
  eden space 4608K, 100% used [0x00000000d5580000,0x00000000d5a00000,0x00000000d5a00000)
  from space 1024K, 40% used [0x00000000d5b00000,0x00000000d5b68000,0x00000000d5c00000)
  to   space 1024K, 0% used [0x00000000d5a00000,0x00000000d5a00000,0x00000000d5b00000)
 ParOldGen       total 1206272K, used 222520K [0x0000000080000000, 0x00000000c9a00000, 0x00000000d5580000)
  object space 1206272K, 18% used [0x0000000080000000,0x000000008d94e1f8,0x00000000c9a00000)
 Metaspace       used 88739K, committed 90944K, reserved 1179648K
  class space    used 9389K, committed 10304K, reserved 1048576K
}
Event: 3090.535 GC heap after
{Heap after GC invocations=1296 (full 5):
 PSYoungGen      total 5632K, used 576K [0x00000000d5580000, 0x00000000d5c00000, 0x0000000100000000)
  eden space 4608K, 0% used [0x00000000d5580000,0x00000000d5580000,0x00000000d5a00000)
  from space 1024K, 56% used [0x00000000d5a00000,0x00000000d5a90020,0x00000000d5b00000)
  to   space 1024K, 0% used [0x00000000d5b00000,0x00000000d5b00000,0x00000000d5c00000)
 ParOldGen       total 1206272K, used 222824K [0x0000000080000000, 0x00000000c9a00000, 0x00000000d5580000)
  object space 1206272K, 18% used [0x0000000080000000,0x000000008d99a258,0x00000000c9a00000)
 Metaspace       used 88739K, committed 90944K, reserved 1179648K
  class space    used 9389K, committed 10304K, reserved 1048576K
}

