# JRE version: Java(TM) SE Runtime Environment (21.0.8+12) (build 21.0.8+12-LTS-250)
# Java VM: Java HotSpot(TM) 64-Bit Server VM (21.0.8+12-LTS-250, mixed mode, sharing, tiered, compressed oops, compressed class ptrs, g1 gc, windows-amd64)
GC Precious Log:
 CardTable entry size: 512
 Card Set container configuration: InlinePtr #cards 5 size 8 Array Of Cards #cards 12 size 40 Howl #buckets 4 coarsen threshold 1843 Howl Bitmap #cards 512 size 80 coarsen threshold 460 Card regions per heap region 1 cards per card region 2048
 CPUs: 8 total, 8 available
 Memory: 7930M
 Large Page Support: Disabled
 NUMA Support: Disabled
 Compressed Oops: Enabled (32-bit)
 Heap Region Size: 1M
 Heap Min Capacity: 8M
 Heap Initial Capacity: 124M
 Heap Max Capacity: 1984M
 Pre-touch: Disabled
 Parallel Workers: 8
 Concurrent Workers: 2
 Concurrent Refinement Workers: 8
 Periodic GC: Disabled
Heap:
 garbage-first heap   total 126976K, used 59670K [0x0000000084000000, 0x0000000100000000)
  region size 1024K, 3 young (3072K), 3 survivors (3072K)
 Metaspace       used 31203K, committed 31680K, reserved 1114112K
  class space    used 3390K, committed 3584K, reserved 1048576K
GC Heap History (20 events):
Event: 4.551 GC heap after
{Heap after GC invocations=4 (full 0):
 garbage-first heap   total 126976K, used 16289K [0x0000000084000000, 0x0000000100000000)
  region size 1024K, 3 young (3072K), 3 survivors (3072K)
 Metaspace       used 16461K, committed 16704K, reserved 1114112K
  class space    used 1846K, committed 1984K, reserved 1048576K
}
Event: 5.420 GC heap before
{Heap before GC invocations=4 (full 0):
 garbage-first heap   total 126976K, used 88993K [0x0000000084000000, 0x0000000100000000)
  region size 1024K, 74 young (75776K), 3 survivors (3072K)
 Metaspace       used 16788K, committed 17024K, reserved 1114112K
  class space    used 1851K, committed 1984K, reserved 1048576K
}
Event: 5.428 GC heap after
{Heap after GC invocations=5 (full 0):
 garbage-first heap   total 126976K, used 17825K [0x0000000084000000, 0x0000000100000000)
  region size 1024K, 4 young (4096K), 4 survivors (4096K)
 Metaspace       used 16788K, committed 17024K, reserved 1114112K
  class space    used 1851K, committed 1984K, reserved 1048576K
}
Event: 7.330 GC heap before
{Heap before GC invocations=5 (full 0):
 garbage-first heap   total 126976K, used 96673K [0x0000000084000000, 0x0000000100000000)
  region size 1024K, 74 young (75776K), 4 survivors (4096K)
 Metaspace       used 21003K, committed 21312K, reserved 1114112K
  class space    used 2318K, committed 2432K, reserved 1048576K
}
Event: 7.340 GC heap after
{Heap after GC invocations=6 (full 0):
 garbage-first heap   total 126976K, used 27553K [0x0000000084000000, 0x0000000100000000)
  region size 1024K, 8 young (8192K), 8 survivors (8192K)
 Metaspace       used 21003K, committed 21312K, reserved 1114112K
  class space    used 2318K, committed 2432K, reserved 1048576K
}
Event: 7.365 GC heap before
{Heap before GC invocations=6 (full 0):
 garbage-first heap   total 126976K, used 31649K [0x0000000084000000, 0x0000000100000000)
  region size 1024K, 13 young (13312K), 8 survivors (8192K)
 Metaspace       used 21200K, committed 21504K, reserved 1114112K
  class space    used 2326K, committed 2432K, reserved 1048576K
}
Event: 7.378 GC heap after
{Heap after GC invocations=7 (full 0):
 garbage-first heap   total 126976K, used 28503K [0x0000000084000000, 0x0000000100000000)
  region size 1024K, 8 young (8192K), 8 survivors (8192K)
 Metaspace       used 21200K, committed 21504K, reserved 1114112K
  class space    used 2326K, committed 2432K, reserved 1048576K
}
Event: 8.337 GC heap before
{Heap before GC invocations=8 (full 0):
 garbage-first heap   total 102400K, used 75607K [0x0000000084000000, 0x0000000100000000)
  region size 1024K, 53 young (54272K), 8 survivors (8192K)
 Metaspace       used 26926K, committed 27264K, reserved 1114112K
  class space    used 2974K, committed 3136K, reserved 1048576K
}
Event: 8.367 GC heap after
{Heap after GC invocations=9 (full 0):
 garbage-first heap   total 102400K, used 43351K [0x0000000084000000, 0x0000000100000000)
  region size 1024K, 7 young (7168K), 7 survivors (7168K)
 Metaspace       used 26926K, committed 27264K, reserved 1114112K
  class space    used 2974K, committed 3136K, reserved 1048576K
}
Event: 8.732 GC heap before
{Heap before GC invocations=9 (full 0):
 garbage-first heap   total 102400K, used 70999K [0x0000000084000000, 0x0000000100000000)
  region size 1024K, 34 young (34816K), 7 survivors (7168K)
 Metaspace       used 27451K, committed 27776K, reserved 1114112K
  class space    used 3036K, committed 3200K, reserved 1048576K
}
Event: 8.754 GC heap after
{Heap after GC invocations=10 (full 0):
 garbage-first heap   total 122880K, used 49664K [0x0000000084000000, 0x0000000100000000)
  region size 1024K, 5 young (5120K), 5 survivors (5120K)
 Metaspace       used 27451K, committed 27776K, reserved 1114112K
  class space    used 3036K, committed 3200K, reserved 1048576K
}
Event: 10.154 GC heap before
{Heap before GC invocations=10 (full 0):
 garbage-first heap   total 122880K, used 85504K [0x0000000084000000, 0x0000000100000000)
  region size 1024K, 40 young (40960K), 5 survivors (5120K)
 Metaspace       used 28679K, committed 28992K, reserved 1114112K
  class space    used 3109K, committed 3264K, reserved 1048576K
}
Event: 10.181 GC heap after
{Heap after GC invocations=11 (full 0):
 garbage-first heap   total 122880K, used 55808K [0x0000000084000000, 0x0000000100000000)
  region size 1024K, 5 young (5120K), 5 survivors (5120K)
 Metaspace       used 28679K, committed 28992K, reserved 1114112K
  class space    used 3109K, committed 3264K, reserved 1048576K
}
Event: 11.266 GC heap before
{Heap before GC invocations=11 (full 0):
 garbage-first heap   total 122880K, used 90624K [0x0000000084000000, 0x0000000100000000)
  region size 1024K, 40 young (40960K), 5 survivors (5120K)
 Metaspace       used 30166K, committed 30528K, reserved 1114112K
  class space    used 3285K, committed 3456K, reserved 1048576K
}
Event: 11.279 GC heap after
{Heap after GC invocations=12 (full 0):
 garbage-first heap   total 122880K, used 57856K [0x0000000084000000, 0x0000000100000000)
  region size 1024K, 2 young (2048K), 2 survivors (2048K)
 Metaspace       used 30166K, committed 30528K, reserved 1114112K
  class space    used 3285K, committed 3456K, reserved 1048576K
}
Event: 12.770 GC heap before
{Heap before GC invocations=12 (full 0):
 garbage-first heap   total 122880K, used 95744K [0x0000000084000000, 0x0000000100000000)
  region size 1024K, 39 young (39936K), 2 survivors (2048K)
 Metaspace       used 30909K, committed 31360K, reserved 1114112K
  class space    used 3370K, committed 3584K, reserved 1048576K
}
Event: 12.778 GC heap after
{Heap after GC invocations=13 (full 0):
 garbage-first heap   total 122880K, used 58726K [0x0000000084000000, 0x0000000100000000)
  region size 1024K, 3 young (3072K), 3 survivors (3072K)
 Metaspace       used 30909K, committed 31360K, reserved 1114112K
  class space    used 3370K, committed 3584K, reserved 1048576K
}
Event: 13.170 GC heap before
{Heap before GC invocations=14 (full 0):
 garbage-first heap   total 122880K, used 99686K [0x0000000084000000, 0x0000000100000000)
  region size 1024K, 43 young (44032K), 3 survivors (3072K)
 Metaspace       used 31074K, committed 31552K, reserved 1114112K
  class space    used 3385K, committed 3584K, reserved 1048576K
}
Event: 13.181 GC heap after
{Heap after GC invocations=15 (full 0):
 garbage-first heap   total 122880K, used 60416K [0x0000000084000000, 0x0000000100000000)
  region size 1024K, 4 young (4096K), 4 survivors (4096K)
 Metaspace       used 31074K, committed 31552K, reserved 1114112K
  class space    used 3385K, committed 3584K, reserved 1048576K
}
Event: 13.468 GC heap before
{Heap before GC invocations=15 (full 0):
 garbage-first heap   total 122880K, used 103424K [0x0000000084000000, 0x0000000100000000)
  region size 1024K, 46 young (47104K), 4 survivors (4096K)
 Metaspace       used 31203K, committed 31680K, reserved 1114112K
  class space    used 3390K, committed 3584K, reserved 1048576K
}

