# JRE version: OpenJDK Runtime Environment Temurin-21.0.8+9 (21.0.8+9) (build 21.0.8+9-LTS)
# Java VM: OpenJDK 64-Bit Server VM Temurin-21.0.8+9 (21.0.8+9-LTS, mixed mode, sharing, tiered, compressed oops, compressed class ptrs, parallel gc, windows-amd64)
GC Precious Log:
 CardTable entry size: 512
 CPUs: 8 total, 8 available
 Memory: 7930M
 Large Page Support: Disabled
 NUMA Support: Disabled
 Compressed Oops: Enabled (32-bit)
 Alignments: Space 512K, Generation 512K, Heap 2M
 Heap Min Capacity: 100M
 Heap Initial Capacity: 100M
 Heap Max Capacity: 2G
 Pre-touch: Disabled
 Parallel Workers: 8
Heap:
 PSYoungGen      total 22528K, used 6139K [0x00000000d5580000, 0x00000000d6d00000, 0x0000000100000000)
  eden space 21504K, 28% used [0x00000000d5580000,0x00000000d5b7ee50,0x00000000d6a80000)
  from space 1024K, 0% used [0x00000000d6c00000,0x00000000d6c00000,0x00000000d6d00000)
  to   space 1024K, 0% used [0x00000000d6b00000,0x00000000d6b00000,0x00000000d6c00000)
 ParOldGen       total 68608K, used 21659K [0x0000000080000000, 0x0000000084300000, 0x00000000d5580000)
  object space 68608K, 31% used [0x0000000080000000,0x0000000081526c48,0x0000000084300000)
 Metaspace       used 35052K, committed 35904K, reserved 1114112K
  class space    used 3579K, committed 3968K, reserved 1048576K
GC Heap History (20 events):
Event: 11.941 GC heap before
{Heap before GC invocations=13 (full 1):
 PSYoungGen      total 22528K, used 395K [0x00000000d5580000, 0x00000000d6e80000, 0x0000000100000000)
  eden space 22016K, 0% used [0x00000000d5580000,0x00000000d5580000,0x00000000d6b00000)
  from space 512K, 77% used [0x00000000d6e00000,0x00000000d6e62d10,0x00000000d6e80000)
  to   space 1024K, 0% used [0x00000000d6c80000,0x00000000d6c80000,0x00000000d6d80000)
 ParOldGen       total 68608K, used 18934K [0x0000000080000000, 0x0000000084300000, 0x00000000d5580000)
  object space 68608K, 27% used [0x0000000080000000,0x000000008127db48,0x0000000084300000)
 Metaspace       used 20724K, committed 21504K, reserved 1114112K
  class space    used 2164K, committed 2496K, reserved 1048576K
}
Event: 11.984 GC heap after
{Heap after GC invocations=13 (full 1):
 PSYoungGen      total 22528K, used 0K [0x00000000d5580000, 0x00000000d6e80000, 0x0000000100000000)
  eden space 22016K, 0% used [0x00000000d5580000,0x00000000d5580000,0x00000000d6b00000)
  from space 512K, 0% used [0x00000000d6e00000,0x00000000d6e00000,0x00000000d6e80000)
  to   space 1024K, 0% used [0x00000000d6c80000,0x00000000d6c80000,0x00000000d6d80000)
 ParOldGen       total 68608K, used 16848K [0x0000000080000000, 0x0000000084300000, 0x00000000d5580000)
  object space 68608K, 24% used [0x0000000080000000,0x0000000081074100,0x0000000084300000)
 Metaspace       used 20711K, committed 21504K, reserved 1114112K
  class space    used 2160K, committed 2496K, reserved 1048576K
}
Event: 12.450 GC heap before
{Heap before GC invocations=14 (full 1):
 PSYoungGen      total 22528K, used 22016K [0x00000000d5580000, 0x00000000d6e80000, 0x0000000100000000)
  eden space 22016K, 100% used [0x00000000d5580000,0x00000000d6b00000,0x00000000d6b00000)
  from space 512K, 0% used [0x00000000d6e00000,0x00000000d6e00000,0x00000000d6e80000)
  to   space 1024K, 0% used [0x00000000d6c80000,0x00000000d6c80000,0x00000000d6d80000)
 ParOldGen       total 68608K, used 16848K [0x0000000080000000, 0x0000000084300000, 0x00000000d5580000)
  object space 68608K, 24% used [0x0000000080000000,0x0000000081074100,0x0000000084300000)
 Metaspace       used 22226K, committed 23040K, reserved 1114112K
  class space    used 2277K, committed 2624K, reserved 1048576K
}
Event: 12.451 GC heap after
{Heap after GC invocations=14 (full 1):
 PSYoungGen      total 23040K, used 1018K [0x00000000d5580000, 0x00000000d6e80000, 0x0000000100000000)
  eden space 22016K, 0% used [0x00000000d5580000,0x00000000d5580000,0x00000000d6b00000)
  from space 1024K, 99% used [0x00000000d6c80000,0x00000000d6d7e8f0,0x00000000d6d80000)
  to   space 1024K, 0% used [0x00000000d6d80000,0x00000000d6d80000,0x00000000d6e80000)
 ParOldGen       total 68608K, used 17128K [0x0000000080000000, 0x0000000084300000, 0x00000000d5580000)
  object space 68608K, 24% used [0x0000000080000000,0x00000000810ba1a0,0x0000000084300000)
 Metaspace       used 22226K, committed 23040K, reserved 1114112K
  class space    used 2277K, committed 2624K, reserved 1048576K
}
Event: 12.893 GC heap before
{Heap before GC invocations=15 (full 1):
 PSYoungGen      total 23040K, used 23034K [0x00000000d5580000, 0x00000000d6e80000, 0x0000000100000000)
  eden space 22016K, 100% used [0x00000000d5580000,0x00000000d6b00000,0x00000000d6b00000)
  from space 1024K, 99% used [0x00000000d6c80000,0x00000000d6d7e8f0,0x00000000d6d80000)
  to   space 1024K, 0% used [0x00000000d6d80000,0x00000000d6d80000,0x00000000d6e80000)
 ParOldGen       total 68608K, used 17128K [0x0000000080000000, 0x0000000084300000, 0x00000000d5580000)
  object space 68608K, 24% used [0x0000000080000000,0x00000000810ba1b0,0x0000000084300000)
 Metaspace       used 25236K, committed 26048K, reserved 1114112K
  class space    used 2470K, committed 2816K, reserved 1048576K
}
Event: 12.894 GC heap after
{Heap after GC invocations=15 (full 1):
 PSYoungGen      total 23040K, used 527K [0x00000000d5580000, 0x00000000d6e80000, 0x0000000100000000)
  eden space 22016K, 0% used [0x00000000d5580000,0x00000000d5580000,0x00000000d6b00000)
  from space 1024K, 51% used [0x00000000d6d80000,0x00000000d6e03de0,0x00000000d6e80000)
  to   space 1024K, 0% used [0x00000000d6c80000,0x00000000d6c80000,0x00000000d6d80000)
 ParOldGen       total 68608K, used 17598K [0x0000000080000000, 0x0000000084300000, 0x00000000d5580000)
  object space 68608K, 25% used [0x0000000080000000,0x000000008112fa10,0x0000000084300000)
 Metaspace       used 25236K, committed 26048K, reserved 1114112K
  class space    used 2470K, committed 2816K, reserved 1048576K
}
Event: 13.242 GC heap before
{Heap before GC invocations=16 (full 1):
 PSYoungGen      total 23040K, used 22543K [0x00000000d5580000, 0x00000000d6e80000, 0x0000000100000000)
  eden space 22016K, 100% used [0x00000000d5580000,0x00000000d6b00000,0x00000000d6b00000)
  from space 1024K, 51% used [0x00000000d6d80000,0x00000000d6e03de0,0x00000000d6e80000)
  to   space 1024K, 0% used [0x00000000d6c80000,0x00000000d6c80000,0x00000000d6d80000)
 ParOldGen       total 68608K, used 17600K [0x0000000080000000, 0x0000000084300000, 0x00000000d5580000)
  object space 68608K, 25% used [0x0000000080000000,0x00000000811302b8,0x0000000084300000)
 Metaspace       used 27294K, committed 28224K, reserved 1114112K
  class space    used 2701K, committed 3072K, reserved 1048576K
}
Event: 13.244 GC heap after
{Heap after GC invocations=16 (full 1):
 PSYoungGen      total 23040K, used 625K [0x00000000d5580000, 0x00000000d6e00000, 0x0000000100000000)
  eden space 22016K, 0% used [0x00000000d5580000,0x00000000d5580000,0x00000000d6b00000)
  from space 1024K, 61% used [0x00000000d6c80000,0x00000000d6d1c730,0x00000000d6d80000)
  to   space 512K, 0% used [0x00000000d6d80000,0x00000000d6d80000,0x00000000d6e00000)
 ParOldGen       total 68608K, used 17936K [0x0000000080000000, 0x0000000084300000, 0x00000000d5580000)
  object space 68608K, 26% used [0x0000000080000000,0x00000000811842b8,0x0000000084300000)
 Metaspace       used 27294K, committed 28224K, reserved 1114112K
  class space    used 2701K, committed 3072K, reserved 1048576K
}
Event: 13.701 GC heap before
{Heap before GC invocations=17 (full 1):
 PSYoungGen      total 23040K, used 22641K [0x00000000d5580000, 0x00000000d6e00000, 0x0000000100000000)
  eden space 22016K, 100% used [0x00000000d5580000,0x00000000d6b00000,0x00000000d6b00000)
  from space 1024K, 61% used [0x00000000d6c80000,0x00000000d6d1c730,0x00000000d6d80000)
  to   space 512K, 0% used [0x00000000d6d80000,0x00000000d6d80000,0x00000000d6e00000)
 ParOldGen       total 68608K, used 17936K [0x0000000080000000, 0x0000000084300000, 0x00000000d5580000)
  object space 68608K, 26% used [0x0000000080000000,0x00000000811842b8,0x0000000084300000)
 Metaspace       used 29504K, committed 30400K, reserved 1114112K
  class space    used 2950K, committed 3328K, reserved 1048576K
}
Event: 13.704 GC heap after
{Heap after GC invocations=17 (full 1):
 PSYoungGen      total 22016K, used 512K [0x00000000d5580000, 0x00000000d7100000, 0x0000000100000000)
  eden space 21504K, 0% used [0x00000000d5580000,0x00000000d5580000,0x00000000d6a80000)
  from space 512K, 100% used [0x00000000d6d80000,0x00000000d6e00000,0x00000000d6e00000)
  to   space 3072K, 0% used [0x00000000d6a80000,0x00000000d6a80000,0x00000000d6d80000)
 ParOldGen       total 68608K, used 19961K [0x0000000080000000, 0x0000000084300000, 0x00000000d5580000)
  object space 68608K, 29% used [0x0000000080000000,0x000000008137e4d8,0x0000000084300000)
 Metaspace       used 29504K, committed 30400K, reserved 1114112K
  class space    used 2950K, committed 3328K, reserved 1048576K
}
Event: 14.134 GC heap before
{Heap before GC invocations=18 (full 1):
 PSYoungGen      total 22016K, used 22016K [0x00000000d5580000, 0x00000000d7100000, 0x0000000100000000)
  eden space 21504K, 100% used [0x00000000d5580000,0x00000000d6a80000,0x00000000d6a80000)
  from space 512K, 100% used [0x00000000d6d80000,0x00000000d6e00000,0x00000000d6e00000)
  to   space 3072K, 0% used [0x00000000d6a80000,0x00000000d6a80000,0x00000000d6d80000)
 ParOldGen       total 68608K, used 19961K [0x0000000080000000, 0x0000000084300000, 0x00000000d5580000)
  object space 68608K, 29% used [0x0000000080000000,0x000000008137e4d8,0x0000000084300000)
 Metaspace       used 30281K, committed 31168K, reserved 1114112K
  class space    used 3056K, committed 3456K, reserved 1048576K
}
Event: 14.136 GC heap after
{Heap after GC invocations=18 (full 1):
 PSYoungGen      total 22528K, used 672K [0x00000000d5580000, 0x00000000d6e00000, 0x0000000100000000)
  eden space 21504K, 0% used [0x00000000d5580000,0x00000000d5580000,0x00000000d6a80000)
  from space 1024K, 65% used [0x00000000d6a80000,0x00000000d6b28010,0x00000000d6b80000)
  to   space 1536K, 0% used [0x00000000d6c80000,0x00000000d6c80000,0x00000000d6e00000)
 ParOldGen       total 68608K, used 20345K [0x0000000080000000, 0x0000000084300000, 0x00000000d5580000)
  object space 68608K, 29% used [0x0000000080000000,0x00000000813de4d8,0x0000000084300000)
 Metaspace       used 30281K, committed 31168K, reserved 1114112K
  class space    used 3056K, committed 3456K, reserved 1048576K
}
Event: 14.675 GC heap before
{Heap before GC invocations=19 (full 1):
 PSYoungGen      total 22528K, used 22176K [0x00000000d5580000, 0x00000000d6e00000, 0x0000000100000000)
  eden space 21504K, 100% used [0x00000000d5580000,0x00000000d6a80000,0x00000000d6a80000)
  from space 1024K, 65% used [0x00000000d6a80000,0x00000000d6b28010,0x00000000d6b80000)
  to   space 1536K, 0% used [0x00000000d6c80000,0x00000000d6c80000,0x00000000d6e00000)
 ParOldGen       total 68608K, used 20345K [0x0000000080000000, 0x0000000084300000, 0x00000000d5580000)
  object space 68608K, 29% used [0x0000000080000000,0x00000000813de4d8,0x0000000084300000)
 Metaspace       used 31809K, committed 32704K, reserved 1114112K
  class space    used 3219K, committed 3584K, reserved 1048576K
}
Event: 14.676 GC heap after
{Heap after GC invocations=19 (full 1):
 PSYoungGen      total 22528K, used 988K [0x00000000d5580000, 0x00000000d6d80000, 0x0000000100000000)
  eden space 21504K, 0% used [0x00000000d5580000,0x00000000d5580000,0x00000000d6a80000)
  from space 1024K, 96% used [0x00000000d6c80000,0x00000000d6d77310,0x00000000d6d80000)
  to   space 1536K, 0% used [0x00000000d6a80000,0x00000000d6a80000,0x00000000d6c00000)
 ParOldGen       total 68608K, used 20777K [0x0000000080000000, 0x0000000084300000, 0x00000000d5580000)
  object space 68608K, 30% used [0x0000000080000000,0x000000008144a518,0x0000000084300000)
 Metaspace       used 31809K, committed 32704K, reserved 1114112K
  class space    used 3219K, committed 3584K, reserved 1048576K
}
Event: 15.053 GC heap before
{Heap before GC invocations=20 (full 1):
 PSYoungGen      total 22528K, used 22492K [0x00000000d5580000, 0x00000000d6d80000, 0x0000000100000000)
  eden space 21504K, 100% used [0x00000000d5580000,0x00000000d6a80000,0x00000000d6a80000)
  from space 1024K, 96% used [0x00000000d6c80000,0x00000000d6d77310,0x00000000d6d80000)
  to   space 1536K, 0% used [0x00000000d6a80000,0x00000000d6a80000,0x00000000d6c00000)
 ParOldGen       total 68608K, used 20777K [0x0000000080000000, 0x0000000084300000, 0x00000000d5580000)
  object space 68608K, 30% used [0x0000000080000000,0x000000008144a518,0x0000000084300000)
 Metaspace       used 33963K, committed 34816K, reserved 1114112K
  class space    used 3464K, committed 3776K, reserved 1048576K
}
Event: 15.055 GC heap after
{Heap after GC invocations=20 (full 1):
 PSYoungGen      total 23040K, used 990K [0x00000000d5580000, 0x00000000d6d00000, 0x0000000100000000)
  eden space 21504K, 0% used [0x00000000d5580000,0x00000000d5580000,0x00000000d6a80000)
  from space 1536K, 64% used [0x00000000d6a80000,0x00000000d6b77b20,0x00000000d6c00000)
  to   space 1024K, 0% used [0x00000000d6c00000,0x00000000d6c00000,0x00000000d6d00000)
 ParOldGen       total 68608K, used 21353K [0x0000000080000000, 0x0000000084300000, 0x00000000d5580000)
  object space 68608K, 31% used [0x0000000080000000,0x00000000814da518,0x0000000084300000)
 Metaspace       used 33963K, committed 34816K, reserved 1114112K
  class space    used 3464K, committed 3776K, reserved 1048576K
}
Event: 15.313 GC heap before
{Heap before GC invocations=21 (full 1):
 PSYoungGen      total 23040K, used 10908K [0x00000000d5580000, 0x00000000d6d00000, 0x0000000100000000)
  eden space 21504K, 46% used [0x00000000d5580000,0x00000000d5f2f880,0x00000000d6a80000)
  from space 1536K, 64% used [0x00000000d6a80000,0x00000000d6b77b20,0x00000000d6c00000)
  to   space 1024K, 0% used [0x00000000d6c00000,0x00000000d6c00000,0x00000000d6d00000)
 ParOldGen       total 68608K, used 21353K [0x0000000080000000, 0x0000000084300000, 0x00000000d5580000)
  object space 68608K, 31% used [0x0000000080000000,0x00000000814da518,0x0000000084300000)
 Metaspace       used 34982K, committed 35840K, reserved 1114112K
  class space    used 3570K, committed 3968K, reserved 1048576K
}
Event: 15.314 GC heap after
{Heap after GC invocations=21 (full 1):
 PSYoungGen      total 22528K, used 620K [0x00000000d5580000, 0x00000000d6d00000, 0x0000000100000000)
  eden space 21504K, 0% used [0x00000000d5580000,0x00000000d5580000,0x00000000d6a80000)
  from space 1024K, 60% used [0x00000000d6c00000,0x00000000d6c9b0a8,0x00000000d6d00000)
  to   space 1024K, 0% used [0x00000000d6b00000,0x00000000d6b00000,0x00000000d6c00000)
 ParOldGen       total 68608K, used 22177K [0x0000000080000000, 0x0000000084300000, 0x00000000d5580000)
  object space 68608K, 32% used [0x0000000080000000,0x00000000815a8668,0x0000000084300000)
 Metaspace       used 34982K, committed 35840K, reserved 1114112K
  class space    used 3570K, committed 3968K, reserved 1048576K
}
Event: 15.314 GC heap before
{Heap before GC invocations=22 (full 2):
 PSYoungGen      total 22528K, used 620K [0x00000000d5580000, 0x00000000d6d00000, 0x0000000100000000)
  eden space 21504K, 0% used [0x00000000d5580000,0x00000000d5580000,0x00000000d6a80000)
  from space 1024K, 60% used [0x00000000d6c00000,0x00000000d6c9b0a8,0x00000000d6d00000)
  to   space 1024K, 0% used [0x00000000d6b00000,0x00000000d6b00000,0x00000000d6c00000)
 ParOldGen       total 68608K, used 22177K [0x0000000080000000, 0x0000000084300000, 0x00000000d5580000)
  object space 68608K, 32% used [0x0000000080000000,0x00000000815a8668,0x0000000084300000)
 Metaspace       used 34982K, committed 35840K, reserved 1114112K
  class space    used 3570K, committed 3968K, reserved 1048576K
}
Event: 15.366 GC heap after
{Heap after GC invocations=22 (full 2):
 PSYoungGen      total 22528K, used 0K [0x00000000d5580000, 0x00000000d6d00000, 0x0000000100000000)
  eden space 21504K, 0% used [0x00000000d5580000,0x00000000d5580000,0x00000000d6a80000)
  from space 1024K, 0% used [0x00000000d6c00000,0x00000000d6c00000,0x00000000d6d00000)
  to   space 1024K, 0% used [0x00000000d6b00000,0x00000000d6b00000,0x00000000d6c00000)
 ParOldGen       total 68608K, used 21659K [0x0000000080000000, 0x0000000084300000, 0x00000000d5580000)
  object space 68608K, 31% used [0x0000000080000000,0x0000000081526c48,0x0000000084300000)
 Metaspace       used 34982K, committed 35840K, reserved 1114112K
  class space    used 3570K, committed 3968K, reserved 1048576K
}

